{
  "log": [
    {
      "timestamp": "2026-03-03T06:15:00Z",
      "action": "orchestrator_question",
      "channel": "personal",
      "question": "Asked about creating master tax coordination project vs keeping three separate country projects",
      "context": "Gerson identified shared tasks (bank statements) across US/Canada/India taxes"
    },
    {
      "timestamp": "2026-03-03T09:00:00Z",
      "action": "orchestrator_question",
      "channel": "personal",
      "question": "Asked about blood test submission status for cancer treatment tracking",
      "context": "Following up on health treatment project - medications ordered, clarifying next steps for treatment timeline"
    },
    {
      "timestamp": "2026-03-03T11:45:00Z",
      "action": "orchestrator_question",
      "channel": "personal",
      "question": "Asked about home projects or improvements for March, offered to create home maintenance tracker",
      "context": "Fresh angle on personal domain - covering home aspect of purpose.md (taxes and health already active)"
    },
    {
      "timestamp": "2026-03-03T13:00:00Z",
      "action": "orchestrator_question",
      "channel": "personal",
      "question": "Asked about timing constraints for Jio store visit (phone account transfer)",
      "context": "New task - transferring Gerson/Steph phone accounts from mother's name; needs all three present at Jio store with Aadhaar cards"
    },
    {
      "timestamp": "2026-03-03T16:00:00Z",
      "action": "orchestrator_question",
      "channel": "personal",
      "question": "Asked about family matters this week (birthdays, appointments, boys' needs)",
      "context": "Exploring family aspect of purpose.md - taxes, health, home, and life admin already covered; family relationships not yet touched"
    }
  ]
}
